{
  "stats": {
    "suites": 12,
    "tests": 41,
    "passes": 21,
    "pending": 0,
    "failures": 20,
    "start": "2022-03-23T23:37:55.114Z",
    "end": "2022-03-23T23:39:25.333Z",
    "duration": 90219,
    "testsRegistered": 41,
    "passPercent": 51.21951219512195,
    "pendingPercent": 0,
    "other": 0,
    "hasOther": false,
    "skipped": 0,
    "hasSkipped": false
  },
  "results": [
    {
      "uuid": "a7f5370a-3056-4b8b-9f06-bfd571920dde",
      "title": "",
      "fullFile": "cypress/integration/project.spec.js",
      "file": "cypress/integration/project.spec.js",
      "beforeHooks": [],
      "afterHooks": [],
      "tests": [],
      "suites": [
        {
          "uuid": "d1c4a436-1784-4bcb-9c6c-dfb98d8b3c2b",
          "title": "1 - Adicione à página o título \"Paleta de Cores\".",
          "fullFile": "",
          "file": "",
          "beforeHooks": [],
          "afterHooks": [],
          "tests": [
            {
              "title": "Verifica se contém um elemento `h1` com o id `title` com o título correto",
              "fullTitle": "1 - Adicione à página o título \"Paleta de Cores\". Verifica se contém um elemento `h1` com o id `title` com o título correto",
              "timedOut": null,
              "duration": 127,
              "state": "passed",
              "speed": "slow",
              "pass": true,
              "fail": false,
              "pending": false,
              "context": null,
              "code": "cy.get('h1#title').should('contain.text', 'Paleta de Cores');",
              "err": {},
              "uuid": "f6e6c937-44f9-4a78-9984-5ddf379a57ee",
              "parentUUID": "d1c4a436-1784-4bcb-9c6c-dfb98d8b3c2b",
              "isHook": false,
              "skipped": false
            }
          ],
          "suites": [],
          "passes": [
            "f6e6c937-44f9-4a78-9984-5ddf379a57ee"
          ],
          "failures": [],
          "pending": [],
          "skipped": [],
          "duration": 127,
          "root": false,
          "rootEmpty": false,
          "_timeout": 2000
        },
        {
          "uuid": "3759c945-f02d-44f3-b783-f88d49425f70",
          "title": "2 - Adicione à página uma paleta de quatro cores distintas.",
          "fullFile": "",
          "file": "",
          "beforeHooks": [],
          "afterHooks": [],
          "tests": [
            {
              "title": "A paleta de cores deve ser um elemento com `id` denominado `color-palette` e ter mais de 0px de altura e de largura.",
              "fullTitle": "2 - Adicione à página uma paleta de quatro cores distintas. A paleta de cores deve ser um elemento com `id` denominado `color-palette` e ter mais de 0px de altura e de largura.",
              "timedOut": null,
              "duration": 67,
              "state": "passed",
              "speed": "medium",
              "pass": true,
              "fail": false,
              "pending": false,
              "context": null,
              "code": "cy.get('#color-palette').should('be.visible');\ncy.get('#color-palette').children('.color');",
              "err": {},
              "uuid": "a49a55d6-8427-4006-96f0-fb312f1a3172",
              "parentUUID": "3759c945-f02d-44f3-b783-f88d49425f70",
              "isHook": false,
              "skipped": false
            },
            {
              "title": "Verifica se cada cor individual da paleta de cores possui a `classe` chamada `color`.",
              "fullTitle": "2 - Adicione à página uma paleta de quatro cores distintas. Verifica se cada cor individual da paleta de cores possui a `classe` chamada `color`.",
              "timedOut": null,
              "duration": 86,
              "state": "passed",
              "speed": "slow",
              "pass": true,
              "fail": false,
              "pending": false,
              "context": null,
              "code": "cy.get('.color').should('have.length', 4).then(function (colors) {\n  for (var i = 0; i < colors.length; i++) {\n    cy.wrap(colors[i]).should('be.visible');\n  }\n});",
              "err": {},
              "uuid": "cbc01cea-71cf-40a1-bf09-2f04548844b7",
              "parentUUID": "3759c945-f02d-44f3-b783-f88d49425f70",
              "isHook": false,
              "skipped": false
            },
            {
              "title": "Verifica se a cor de fundo de cada elemento da paleta é a cor que o elemento representa. **A única cor não permitida na paleta é a cor branca.**",
              "fullTitle": "2 - Adicione à página uma paleta de quatro cores distintas. Verifica se a cor de fundo de cada elemento da paleta é a cor que o elemento representa. **A única cor não permitida na paleta é a cor branca.**",
              "timedOut": null,
              "duration": 125,
              "state": "passed",
              "speed": "slow",
              "pass": true,
              "fail": false,
              "pending": false,
              "context": null,
              "code": "cy.get('.color').each(function (color) {\n  cy.wrap(color).should('have.class', 'color').and('not.have.css', 'background-color', WHITE);\n  cy.wrap(color).should('have.css', 'background-color');\n});",
              "err": {},
              "uuid": "05e98dcf-8115-47c6-a0c5-dbbce8e4614e",
              "parentUUID": "3759c945-f02d-44f3-b783-f88d49425f70",
              "isHook": false,
              "skipped": false
            },
            {
              "title": "Verifica se cada elemento da paleta de cores tem uma borda preta, sólida e com 1 pixel de largura;",
              "fullTitle": "2 - Adicione à página uma paleta de quatro cores distintas. Verifica se cada elemento da paleta de cores tem uma borda preta, sólida e com 1 pixel de largura;",
              "timedOut": null,
              "duration": 84,
              "state": "passed",
              "speed": "slow",
              "pass": true,
              "fail": false,
              "pending": false,
              "context": null,
              "code": "cy.get('.color').each(function (color) {\n  cy.wrap(color).and('have.css', 'border', \"1px solid \".concat(BLACK)).and('have.class', 'color');\n});",
              "err": {},
              "uuid": "f9db0a14-7088-4f15-9354-a7e2d20849eb",
              "parentUUID": "3759c945-f02d-44f3-b783-f88d49425f70",
              "isHook": false,
              "skipped": false
            },
            {
              "title": "Verifica se a paleta lista todas as cores disponíveis para utilização, lado a lado.",
              "fullTitle": "2 - Adicione à página uma paleta de quatro cores distintas. Verifica se a paleta lista todas as cores disponíveis para utilização, lado a lado.",
              "timedOut": null,
              "duration": 88,
              "state": "passed",
              "speed": "slow",
              "pass": true,
              "fail": false,
              "pending": false,
              "context": null,
              "code": "cy.get('.color').then(function (colors) {\n  for (var index = 1; index < colors.length; index += 1) {\n    var currentColor = colors[index];\n    var previousColor = colors[index - 1];\n    cy.wrap(currentColor).should('be.onTheRightOf', previousColor).and('be.horizontallyAlignedWith', previousColor);\n  }\n});",
              "err": {},
              "uuid": "83ee9e0c-d04e-4117-93eb-074b136f7374",
              "parentUUID": "3759c945-f02d-44f3-b783-f88d49425f70",
              "isHook": false,
              "skipped": false
            },
            {
              "title": "Verifica se a paleta de cores está posicionada abaixo do título 'Paleta de Cores'",
              "fullTitle": "2 - Adicione à página uma paleta de quatro cores distintas. Verifica se a paleta de cores está posicionada abaixo do título 'Paleta de Cores'",
              "timedOut": null,
              "duration": 119,
              "state": "passed",
              "speed": "slow",
              "pass": true,
              "fail": false,
              "pending": false,
              "context": null,
              "code": "cy.get('h1#title').then(function (title) {\n  cy.get('#color-palette').should('be.belowOf', title);\n});",
              "err": {},
              "uuid": "9cc83c4e-fd4e-413c-8d40-d43905b81c00",
              "parentUUID": "3759c945-f02d-44f3-b783-f88d49425f70",
              "isHook": false,
              "skipped": false
            },
            {
              "title": "Verifica se a paleta de cores não contém cores repetidas.",
              "fullTitle": "2 - Adicione à página uma paleta de quatro cores distintas. Verifica se a paleta de cores não contém cores repetidas.",
              "timedOut": null,
              "duration": 85,
              "state": "passed",
              "speed": "slow",
              "pass": true,
              "fail": false,
              "pending": false,
              "context": null,
              "code": "cy.get('.color').then(function (colors) {\n  var allColors = Array.from(colors).map(function (color) {\n    return Cypress.$(color).css('background-color');\n  });\n  cy.log(allColors);\n  var uniqColors = (0, _toConsumableArray2[\"default\"])(new Set(allColors));\n  cy.log(uniqColors);\n  expect(allColors.length).to.eq(uniqColors.length);\n});",
              "err": {},
              "uuid": "a17ddc07-6048-4d0e-be6c-eb6e9b0b26f0",
              "parentUUID": "3759c945-f02d-44f3-b783-f88d49425f70",
              "isHook": false,
              "skipped": false
            }
          ],
          "suites": [],
          "passes": [
            "a49a55d6-8427-4006-96f0-fb312f1a3172",
            "cbc01cea-71cf-40a1-bf09-2f04548844b7",
            "05e98dcf-8115-47c6-a0c5-dbbce8e4614e",
            "f9db0a14-7088-4f15-9354-a7e2d20849eb",
            "83ee9e0c-d04e-4117-93eb-074b136f7374",
            "9cc83c4e-fd4e-413c-8d40-d43905b81c00",
            "a17ddc07-6048-4d0e-be6c-eb6e9b0b26f0"
          ],
          "failures": [],
          "pending": [],
          "skipped": [],
          "duration": 654,
          "root": false,
          "rootEmpty": false,
          "_timeout": 2000
        },
        {
          "uuid": "d5378a83-48ab-44b2-a7c4-9d9701514f2a",
          "title": "3 - Adicione a cor **preta** como a primeira cor da paleta de cores.",
          "fullFile": "",
          "file": "",
          "beforeHooks": [],
          "afterHooks": [],
          "tests": [
            {
              "title": "Verifica se a primeira cor da paleta é preta",
              "fullTitle": "3 - Adicione a cor **preta** como a primeira cor da paleta de cores. Verifica se a primeira cor da paleta é preta",
              "timedOut": null,
              "duration": 86,
              "state": "passed",
              "speed": "slow",
              "pass": true,
              "fail": false,
              "pending": false,
              "context": null,
              "code": "cy.get('.color').first().should('have.css', 'background-color', BLACK);",
              "err": {},
              "uuid": "5cd64010-89b1-43a7-bf9b-6294a7e581be",
              "parentUUID": "d5378a83-48ab-44b2-a7c4-9d9701514f2a",
              "isHook": false,
              "skipped": false
            },
            {
              "title": "Verifica se as demais cores podem ser escolhidas livremente.",
              "fullTitle": "3 - Adicione a cor **preta** como a primeira cor da paleta de cores. Verifica se as demais cores podem ser escolhidas livremente.",
              "timedOut": null,
              "duration": 139,
              "state": "passed",
              "speed": "slow",
              "pass": true,
              "fail": false,
              "pending": false,
              "context": null,
              "code": "cy.get('.color').eq(1).should('not.have.css', 'background-color', BLACK);\ncy.get('.color').eq(1).should('not.have.css', 'background-color', WHITE);\ncy.get('.color').eq(1).should('not.have.css', 'background-color', 'rgba(0, 0, 0, 0)');\ncy.get('.color').eq(1).should('have.css', 'background-color');\ncy.get('.color').eq(2).should('not.have.css', 'background-color', BLACK);\ncy.get('.color').eq(2).should('not.have.css', 'background-color', WHITE);\ncy.get('.color').eq(2).should('not.have.css', 'background-color', 'rgba(0, 0, 0, 0)');\ncy.get('.color').eq(2).should('have.css', 'background-color');\ncy.get('.color').eq(3).should('not.have.css', 'background-color', BLACK);\ncy.get('.color').eq(3).should('not.have.css', 'background-color', WHITE);\ncy.get('.color').eq(3).should('not.have.css', 'background-color', 'rgba(0, 0, 0, 0)');\ncy.get('.color').eq(3).should('have.css', 'background-color');",
              "err": {},
              "uuid": "e9c3a5d2-c56e-43fa-8369-84be75b2c834",
              "parentUUID": "d5378a83-48ab-44b2-a7c4-9d9701514f2a",
              "isHook": false,
              "skipped": false
            }
          ],
          "suites": [],
          "passes": [
            "5cd64010-89b1-43a7-bf9b-6294a7e581be",
            "e9c3a5d2-c56e-43fa-8369-84be75b2c834"
          ],
          "failures": [],
          "pending": [],
          "skipped": [],
          "duration": 225,
          "root": false,
          "rootEmpty": false,
          "_timeout": 2000
        },
        {
          "uuid": "c6b8ccde-97a1-4a8e-9287-8ca38f2b5e13",
          "title": "4 - Adicione à página um quadro de pixels, com 25 pixels.",
          "fullFile": "",
          "file": "",
          "beforeHooks": [],
          "afterHooks": [],
          "tests": [
            {
              "title": "Verifica se o quadro de pixels possui o `id` denominado `pixel-board`",
              "fullTitle": "4 - Adicione à página um quadro de pixels, com 25 pixels. Verifica se o quadro de pixels possui o `id` denominado `pixel-board`",
              "timedOut": null,
              "duration": 63,
              "state": "passed",
              "speed": "medium",
              "pass": true,
              "fail": false,
              "pending": false,
              "context": null,
              "code": "cy.get('#pixel-board').should('be.visible');",
              "err": {},
              "uuid": "11f84023-eb83-40a3-b13e-403a0d8ef788",
              "parentUUID": "c6b8ccde-97a1-4a8e-9287-8ca38f2b5e13",
              "isHook": false,
              "skipped": false
            },
            {
              "title": "Verifica se cada pixel individual dentro do quadro possui a `classe` denominada `pixel`.",
              "fullTitle": "4 - Adicione à página um quadro de pixels, com 25 pixels. Verifica se cada pixel individual dentro do quadro possui a `classe` denominada `pixel`.",
              "timedOut": null,
              "duration": 74,
              "state": "passed",
              "speed": "medium",
              "pass": true,
              "fail": false,
              "pending": false,
              "context": null,
              "code": "cy.get('.pixel').should('have.length', 25);",
              "err": {},
              "uuid": "f15322e1-68e7-42fa-9d4b-fdc966e78727",
              "parentUUID": "c6b8ccde-97a1-4a8e-9287-8ca38f2b5e13",
              "isHook": false,
              "skipped": false
            },
            {
              "title": "Verifica se a cor inicial dos pixels dentro do quadro, ao abrir a página, é branca.",
              "fullTitle": "4 - Adicione à página um quadro de pixels, com 25 pixels. Verifica se a cor inicial dos pixels dentro do quadro, ao abrir a página, é branca.",
              "timedOut": null,
              "duration": 112,
              "state": "passed",
              "speed": "slow",
              "pass": true,
              "fail": false,
              "pending": false,
              "context": null,
              "code": "cy.get('.pixel').should('have.length', 25).each(function (pixel) {\n  expect(pixel).to.have.css('background-color', WHITE);\n});",
              "err": {},
              "uuid": "cbcc266d-5ffa-4df4-831e-cf7d4aebcb75",
              "parentUUID": "c6b8ccde-97a1-4a8e-9287-8ca38f2b5e13",
              "isHook": false,
              "skipped": false
            },
            {
              "title": "Verifica se o quadro de pixels aparece abaixo da paleta de cores",
              "fullTitle": "4 - Adicione à página um quadro de pixels, com 25 pixels. Verifica se o quadro de pixels aparece abaixo da paleta de cores",
              "timedOut": null,
              "duration": 63,
              "state": "passed",
              "speed": "medium",
              "pass": true,
              "fail": false,
              "pending": false,
              "context": null,
              "code": "cy.get('#color-palette').then(function (palette) {\n  cy.get('#pixel-board').should('be.belowOf', palette);\n});",
              "err": {},
              "uuid": "3b7c1b47-f49b-44d9-bb33-a419a83e1089",
              "parentUUID": "c6b8ccde-97a1-4a8e-9287-8ca38f2b5e13",
              "isHook": false,
              "skipped": false
            }
          ],
          "suites": [],
          "passes": [
            "11f84023-eb83-40a3-b13e-403a0d8ef788",
            "f15322e1-68e7-42fa-9d4b-fdc966e78727",
            "cbcc266d-5ffa-4df4-831e-cf7d4aebcb75",
            "3b7c1b47-f49b-44d9-bb33-a419a83e1089"
          ],
          "failures": [],
          "pending": [],
          "skipped": [],
          "duration": 312,
          "root": false,
          "rootEmpty": false,
          "_timeout": 2000
        },
        {
          "uuid": "853b9b83-609a-4add-880c-a44afbc2b32b",
          "title": "5 - Faça com que cada elemento do quadro de pixels possua 40 pixels de largura, 40 pixels de altura e seja delimitado por uma borda preta de 1 pixel.",
          "fullFile": "",
          "file": "",
          "beforeHooks": [],
          "afterHooks": [],
          "tests": [
            {
              "title": "Verifica se o quadro de pixels tem altura e comprimento de 5 elementos",
              "fullTitle": "5 - Faça com que cada elemento do quadro de pixels possua 40 pixels de largura, 40 pixels de altura e seja delimitado por uma borda preta de 1 pixel. Verifica se o quadro de pixels tem altura e comprimento de 5 elementos",
              "timedOut": null,
              "duration": 202,
              "state": "passed",
              "speed": "slow",
              "pass": true,
              "fail": false,
              "pending": false,
              "context": null,
              "code": "cy.get('.pixel').should('have.length', 25).each(function (pixel) {\n  expect(pixel).to.have.css('background-color', WHITE);\n}).and(function (pixels) {\n  var rows = chunk(pixels, 5);\n  rows.forEach(function (row) {\n    for (var index = 1; index < row.length; index += 1) {\n      var current = pixels[index];\n      var previous = pixels[index - 1];\n      cy.wrap(current).should('be.onTheRightOf', previous).and('be.horizontallyAlignedWith', previous);\n    }\n  });\n  for (var index = 1; index < 5; index += 1) {\n    expect(pixels[index * 5]).to.be.belowOf(pixels[(index - 1) * 5]);\n  }\n});",
              "err": {},
              "uuid": "bb97eb74-33fa-46fd-9bfb-47f8ca6a01ce",
              "parentUUID": "853b9b83-609a-4add-880c-a44afbc2b32b",
              "isHook": false,
              "skipped": false
            },
            {
              "title": "Verifica se 40 pixels é o tamanho total do elemento, incluindo seu conteúdo e excluindo a borda preta, que deve ser criada à parte.",
              "fullTitle": "5 - Faça com que cada elemento do quadro de pixels possua 40 pixels de largura, 40 pixels de altura e seja delimitado por uma borda preta de 1 pixel. Verifica se 40 pixels é o tamanho total do elemento, incluindo seu conteúdo e excluindo a borda preta, que deve ser criada à parte.",
              "timedOut": null,
              "duration": 202,
              "state": "passed",
              "speed": "slow",
              "pass": true,
              "fail": false,
              "pending": false,
              "context": null,
              "code": "cy.get('.pixel').each(function (pixel) {\n  cy.wrap(pixel).should('have.css', 'height', '40px').and('have.css', 'width', '40px').and('have.css', 'border', \"1px solid \".concat(BLACK));\n});",
              "err": {},
              "uuid": "142abf77-1169-4797-a487-82930b597459",
              "parentUUID": "853b9b83-609a-4add-880c-a44afbc2b32b",
              "isHook": false,
              "skipped": false
            }
          ],
          "suites": [],
          "passes": [
            "bb97eb74-33fa-46fd-9bfb-47f8ca6a01ce",
            "142abf77-1169-4797-a487-82930b597459"
          ],
          "failures": [],
          "pending": [],
          "skipped": [],
          "duration": 404,
          "root": false,
          "rootEmpty": false,
          "_timeout": 2000
        },
        {
          "uuid": "c9af1a64-9b0c-4f23-87f2-4fa797b7c9ec",
          "title": "6 - Defina a cor preta como cor inicial. Ao carregar a página a cor preta já deve estar selecionada para pintar os pixels",
          "fullFile": "",
          "file": "",
          "beforeHooks": [],
          "afterHooks": [],
          "tests": [
            {
              "title": "Verifica se o elemento da cor preta possui, inicialmente, a `classe` `selected`",
              "fullTitle": "6 - Defina a cor preta como cor inicial. Ao carregar a página a cor preta já deve estar selecionada para pintar os pixels Verifica se o elemento da cor preta possui, inicialmente, a `classe` `selected`",
              "timedOut": null,
              "duration": 86,
              "state": "passed",
              "speed": "slow",
              "pass": true,
              "fail": false,
              "pending": false,
              "context": null,
              "code": "cy.get('.selected').first().should('have.css', 'background-color', BLACK);",
              "err": {},
              "uuid": "0d8a26fb-7880-4a5a-b21a-bbaaf1174760",
              "parentUUID": "c9af1a64-9b0c-4f23-87f2-4fa797b7c9ec",
              "isHook": false,
              "skipped": false
            },
            {
              "title": "Verifica se nenhuma outra cor da paleta tem a `classe` `selected`",
              "fullTitle": "6 - Defina a cor preta como cor inicial. Ao carregar a página a cor preta já deve estar selecionada para pintar os pixels Verifica se nenhuma outra cor da paleta tem a `classe` `selected`",
              "timedOut": null,
              "duration": 84,
              "state": "passed",
              "speed": "slow",
              "pass": true,
              "fail": false,
              "pending": false,
              "context": null,
              "code": "cy.get('.color:not(:first-child)').each(function (color) {\n  cy.wrap(color).should('not.have.class', 'selected');\n});",
              "err": {},
              "uuid": "e0569331-835c-4fa3-a263-5cd3ab630d66",
              "parentUUID": "c9af1a64-9b0c-4f23-87f2-4fa797b7c9ec",
              "isHook": false,
              "skipped": false
            }
          ],
          "suites": [],
          "passes": [
            "0d8a26fb-7880-4a5a-b21a-bbaaf1174760",
            "e0569331-835c-4fa3-a263-5cd3ab630d66"
          ],
          "failures": [],
          "pending": [],
          "skipped": [],
          "duration": 170,
          "root": false,
          "rootEmpty": false,
          "_timeout": 2000
        },
        {
          "uuid": "19befd1e-3631-4167-8e6b-4000632a9e7e",
          "title": "7 - Clicar em uma das cores da paleta, faz com que ela seja selecionada e utilizada para preencher os pixels no quadro.",
          "fullFile": "",
          "file": "",
          "beforeHooks": [],
          "afterHooks": [],
          "tests": [
            {
              "title": "Verifica se somente uma cor da paleta de cores tem a classe `selected` de cada vez",
              "fullTitle": "7 - Clicar em uma das cores da paleta, faz com que ela seja selecionada e utilizada para preencher os pixels no quadro. Verifica se somente uma cor da paleta de cores tem a classe `selected` de cada vez",
              "timedOut": null,
              "duration": 495,
              "state": "passed",
              "speed": "slow",
              "pass": true,
              "fail": false,
              "pending": false,
              "context": null,
              "code": "cy.get('.color').each(function (selectedColor, selectedColorIndex) {\n  cy.wrap(selectedColor).click();\n  cy.get('.color').each(function (color, colorIndex) {\n    if (colorIndex === selectedColorIndex) {\n      expect(color).to.have[\"class\"]('selected');\n    } else {\n      expect(color).not.to.have[\"class\"]('selected');\n    }\n  });\n});",
              "err": {},
              "uuid": "219215e7-f9c9-4b52-bfb7-e54a5db86ab1",
              "parentUUID": "19befd1e-3631-4167-8e6b-4000632a9e7e",
              "isHook": false,
              "skipped": false
            },
            {
              "title": "Verifica se os pixels dentro do quadro não têm a classe `selected` quando são clicados",
              "fullTitle": "7 - Clicar em uma das cores da paleta, faz com que ela seja selecionada e utilizada para preencher os pixels no quadro. Verifica se os pixels dentro do quadro não têm a classe `selected` quando são clicados",
              "timedOut": null,
              "duration": 8594,
              "state": "passed",
              "speed": "slow",
              "pass": true,
              "fail": false,
              "pending": false,
              "context": null,
              "code": "cy.get('.color').each(function (color) {\n  var backgroundColor = color.css('background-color');\n  cy.wrap(color).click();\n  cy.get('.pixel').each(function (pixel) {\n    cy.wrap(pixel).click().should('not.have.class', 'selected');\n  });\n});",
              "err": {},
              "uuid": "a2d1824f-79fb-485f-9ffb-a47a548143ec",
              "parentUUID": "19befd1e-3631-4167-8e6b-4000632a9e7e",
              "isHook": false,
              "skipped": false
            }
          ],
          "suites": [],
          "passes": [
            "219215e7-f9c9-4b52-bfb7-e54a5db86ab1",
            "a2d1824f-79fb-485f-9ffb-a47a548143ec"
          ],
          "failures": [],
          "pending": [],
          "skipped": [],
          "duration": 9089,
          "root": false,
          "rootEmpty": false,
          "_timeout": 2000
        },
        {
          "uuid": "0caa8756-af20-4d5a-ac9d-e2034cffa680",
          "title": "8 - Clicar em um pixel dentro do quadro após selecionar uma cor na paleta, faz com que o pixel seja preenchido com a cor selecionada.",
          "fullFile": "",
          "file": "",
          "beforeHooks": [],
          "afterHooks": [],
          "tests": [
            {
              "title": "Verifica se ao carregar a página deve ser possível pintar os pixels de preto",
              "fullTitle": "8 - Clicar em um pixel dentro do quadro após selecionar uma cor na paleta, faz com que o pixel seja preenchido com a cor selecionada. Verifica se ao carregar a página deve ser possível pintar os pixels de preto",
              "timedOut": null,
              "duration": 4320,
              "state": "failed",
              "speed": null,
              "pass": false,
              "fail": true,
              "pending": false,
              "context": null,
              "code": "cy.get('.pixel').each(function (pixel) {\n  cy.wrap(pixel).click().should('have.css', 'background-color', BLACK);\n});",
              "err": {
                "message": "CypressError: Timed out retrying: expected '<div.pixel>' to have CSS property 'background-color' with the value 'rgb(0, 0, 0)', but the value was 'rgb(255, 255, 255)'",
                "estack": "CypressError: Timed out retrying: expected '<div.pixel>' to have CSS property 'background-color' with the value 'rgb(0, 0, 0)', but the value was 'rgb(255, 255, 255)'\n    at cypressErr (http://localhost:38425/__cypress/runner/cypress_runner.js:149934:9)\n    at throwErr (http://localhost:38425/__cypress/runner/cypress_runner.js:149867:11)\n    at Object.throwErrByPath (http://localhost:38425/__cypress/runner/cypress_runner.js:149915:3)\n    at retry (http://localhost:38425/__cypress/runner/cypress_runner.js:144197:19)\n    at onFailFn (http://localhost:38425/__cypress/runner/cypress_runner.js:132448:16)\n    at tryCatcher (http://localhost:38425/__cypress/runner/cypress_runner.js:167415:23)\n    at Promise._settlePromiseFromHandler (http://localhost:38425/__cypress/runner/cypress_runner.js:165351:31)\n    at Promise._settlePromise (http://localhost:38425/__cypress/runner/cypress_runner.js:165408:18)\n    at Promise._settlePromise0 (http://localhost:38425/__cypress/runner/cypress_runner.js:165453:10)\n    at Promise._settlePromises (http://localhost:38425/__cypress/runner/cypress_runner.js:165528:18)\n    at Async../node_modules/bluebird/js/release/async.js.Async._drainQueue (http://localhost:38425/__cypress/runner/cypress_runner.js:162140:16)\n    at Async../node_modules/bluebird/js/release/async.js.Async._drainQueues (http://localhost:38425/__cypress/runner/cypress_runner.js:162150:10)\n    at Async.drainQueues (http://localhost:38425/__cypress/runner/cypress_runner.js:162024:14)",
                "diff": null
              },
              "uuid": "f15bc25a-3499-4c1f-97cf-bdce2c9721d9",
              "parentUUID": "0caa8756-af20-4d5a-ac9d-e2034cffa680",
              "isHook": false,
              "skipped": false
            },
            {
              "title": "Verifica se após selecionar uma outra cor na paleta, é possível pintar os pixels com essa cor",
              "fullTitle": "8 - Clicar em um pixel dentro do quadro após selecionar uma cor na paleta, faz com que o pixel seja preenchido com a cor selecionada. Verifica se após selecionar uma outra cor na paleta, é possível pintar os pixels com essa cor",
              "timedOut": null,
              "duration": 4334,
              "state": "failed",
              "speed": null,
              "pass": false,
              "fail": true,
              "pending": false,
              "context": null,
              "code": "cy.get('.color').each(function (color) {\n  var backgroundColor = color.css('background-color');\n  cy.wrap(color).click();\n  cy.get('.pixel').each(function (pixel) {\n    cy.wrap(pixel).click().should('have.css', 'background-color', backgroundColor);\n  });\n});",
              "err": {
                "message": "CypressError: Timed out retrying: expected '<div.pixel>' to have CSS property 'background-color' with the value 'rgb(0, 0, 0)', but the value was 'rgb(255, 255, 255)'",
                "estack": "CypressError: Timed out retrying: expected '<div.pixel>' to have CSS property 'background-color' with the value 'rgb(0, 0, 0)', but the value was 'rgb(255, 255, 255)'\n    at cypressErr (http://localhost:38425/__cypress/runner/cypress_runner.js:149934:9)\n    at throwErr (http://localhost:38425/__cypress/runner/cypress_runner.js:149867:11)\n    at Object.throwErrByPath (http://localhost:38425/__cypress/runner/cypress_runner.js:149915:3)\n    at retry (http://localhost:38425/__cypress/runner/cypress_runner.js:144197:19)\n    at onFailFn (http://localhost:38425/__cypress/runner/cypress_runner.js:132448:16)\n    at tryCatcher (http://localhost:38425/__cypress/runner/cypress_runner.js:167415:23)\n    at Promise._settlePromiseFromHandler (http://localhost:38425/__cypress/runner/cypress_runner.js:165351:31)\n    at Promise._settlePromise (http://localhost:38425/__cypress/runner/cypress_runner.js:165408:18)\n    at Promise._settlePromise0 (http://localhost:38425/__cypress/runner/cypress_runner.js:165453:10)\n    at Promise._settlePromises (http://localhost:38425/__cypress/runner/cypress_runner.js:165528:18)\n    at Async../node_modules/bluebird/js/release/async.js.Async._drainQueue (http://localhost:38425/__cypress/runner/cypress_runner.js:162140:16)\n    at Async../node_modules/bluebird/js/release/async.js.Async._drainQueues (http://localhost:38425/__cypress/runner/cypress_runner.js:162150:10)\n    at Async.drainQueues (http://localhost:38425/__cypress/runner/cypress_runner.js:162024:14)",
                "diff": null
              },
              "uuid": "54dc0798-7568-435d-88d5-207bf0b2b6e6",
              "parentUUID": "0caa8756-af20-4d5a-ac9d-e2034cffa680",
              "isHook": false,
              "skipped": false
            },
            {
              "title": "Verifica se somente o pixel que foi clicado foi preenchido com a cor selecionada, sem influenciar na cor dos demais pixels.",
              "fullTitle": "8 - Clicar em um pixel dentro do quadro após selecionar uma cor na paleta, faz com que o pixel seja preenchido com a cor selecionada. Verifica se somente o pixel que foi clicado foi preenchido com a cor selecionada, sem influenciar na cor dos demais pixels.",
              "timedOut": null,
              "duration": 1099,
              "state": "passed",
              "speed": "slow",
              "pass": true,
              "fail": false,
              "pending": false,
              "context": null,
              "code": "var colorToPixelIndexMap = {\n  0: 6,\n  1: 8,\n  2: 16,\n  3: 18\n};\ncy.get('.color').each(function (color, index) {\n  cy.wrap(color).click();\n  var backgroundColor = color.css('background-color');\n  var clickedPixelIndex = colorToPixelIndexMap[index];\n  cy.get('.pixel').eq(clickedPixelIndex).click();\n  cy.get('.pixel').eq(clickedPixelIndex - 1).should('not.have.css', 'background-color', backgroundColor);\n  cy.get('.pixel').eq(clickedPixelIndex + 1).should('not.have.css', 'background-color', backgroundColor);\n  cy.get('.pixel').eq(clickedPixelIndex - 5).should('not.have.css', 'background-color', backgroundColor);\n  cy.get('.pixel').eq(clickedPixelIndex + 5).should('not.have.css', 'background-color', backgroundColor);\n  cy.get('.pixel').eq(clickedPixelIndex - 6).should('not.have.css', 'background-color', backgroundColor);\n  cy.get('.pixel').eq(clickedPixelIndex - 4).should('not.have.css', 'background-color', backgroundColor);\n  cy.get('.pixel').eq(clickedPixelIndex + 4).should('not.have.css', 'background-color', backgroundColor);\n  cy.get('.pixel').eq(clickedPixelIndex + 6).should('not.have.css', 'background-color', backgroundColor);\n});",
              "err": {},
              "uuid": "39a81223-86d8-4ed3-80e9-0cda002b7bc6",
              "parentUUID": "0caa8756-af20-4d5a-ac9d-e2034cffa680",
              "isHook": false,
              "skipped": false
            }
          ],
          "suites": [],
          "passes": [
            "39a81223-86d8-4ed3-80e9-0cda002b7bc6"
          ],
          "failures": [
            "f15bc25a-3499-4c1f-97cf-bdce2c9721d9",
            "54dc0798-7568-435d-88d5-207bf0b2b6e6"
          ],
          "pending": [],
          "skipped": [],
          "duration": 9753,
          "root": false,
          "rootEmpty": false,
          "_timeout": 2000
        },
        {
          "uuid": "c15b9c3c-0757-4b74-86b2-2214d14c08f3",
          "title": "9 - Crie um botão que, ao ser clicado, limpa o quadro preenchendo a cor de todos seus pixels com branco.",
          "fullFile": "",
          "file": "",
          "beforeHooks": [],
          "afterHooks": [],
          "tests": [
            {
              "title": "Verifica se o botão tem o `id` denominado `clear-board`",
              "fullTitle": "9 - Crie um botão que, ao ser clicado, limpa o quadro preenchendo a cor de todos seus pixels com branco. Verifica se o botão tem o `id` denominado `clear-board`",
              "timedOut": null,
              "duration": 4301,
              "state": "failed",
              "speed": null,
              "pass": false,
              "fail": true,
              "pending": false,
              "context": null,
              "code": "cy.get('#clear-board').should('be.visible');",
              "err": {
                "message": "CypressError: Timed out retrying: Expected to find element: '#clear-board', but never found it.",
                "estack": "CypressError: Timed out retrying: Expected to find element: '#clear-board', but never found it.\n    at cypressErr (http://localhost:38425/__cypress/runner/cypress_runner.js:149934:9)\n    at throwErr (http://localhost:38425/__cypress/runner/cypress_runner.js:149867:11)\n    at Object.throwErrByPath (http://localhost:38425/__cypress/runner/cypress_runner.js:149915:3)\n    at retry (http://localhost:38425/__cypress/runner/cypress_runner.js:144197:19)\n    at onFailFn (http://localhost:38425/__cypress/runner/cypress_runner.js:132448:16)\n    at tryCatcher (http://localhost:38425/__cypress/runner/cypress_runner.js:167415:23)\n    at Promise._settlePromiseFromHandler (http://localhost:38425/__cypress/runner/cypress_runner.js:165351:31)\n    at Promise._settlePromise (http://localhost:38425/__cypress/runner/cypress_runner.js:165408:18)\n    at Promise._settlePromise0 (http://localhost:38425/__cypress/runner/cypress_runner.js:165453:10)\n    at Promise._settlePromises (http://localhost:38425/__cypress/runner/cypress_runner.js:165528:18)\n    at Async../node_modules/bluebird/js/release/async.js.Async._drainQueue (http://localhost:38425/__cypress/runner/cypress_runner.js:162140:16)\n    at Async../node_modules/bluebird/js/release/async.js.Async._drainQueues (http://localhost:38425/__cypress/runner/cypress_runner.js:162150:10)\n    at Async.drainQueues (http://localhost:38425/__cypress/runner/cypress_runner.js:162024:14)",
                "diff": null
              },
              "uuid": "f5a58012-0568-4b3d-a0a4-6adf2de03039",
              "parentUUID": "c15b9c3c-0757-4b74-86b2-2214d14c08f3",
              "isHook": false,
              "skipped": false
            },
            {
              "title": "Verifica se o botão está posicionado entre a paleta de cores e o quadro de pixels",
              "fullTitle": "9 - Crie um botão que, ao ser clicado, limpa o quadro preenchendo a cor de todos seus pixels com branco. Verifica se o botão está posicionado entre a paleta de cores e o quadro de pixels",
              "timedOut": null,
              "duration": 4213,
              "state": "failed",
              "speed": null,
              "pass": false,
              "fail": true,
              "pending": false,
              "context": null,
              "code": "cy.get('#color-palette').then(function (palette) {\n  cy.get('#clear-board').should('be.belowOf', palette);\n});\ncy.get('#clear-board').then(function (clearBtn) {\n  cy.get('#pixel-board').should('be.belowOf', clearBtn);\n});",
              "err": {
                "message": "CypressError: Timed out retrying: Expected to find element: '#clear-board', but never found it.",
                "estack": "CypressError: Timed out retrying: Expected to find element: '#clear-board', but never found it.\n    at cypressErr (http://localhost:38425/__cypress/runner/cypress_runner.js:149934:9)\n    at throwErr (http://localhost:38425/__cypress/runner/cypress_runner.js:149867:11)\n    at Object.throwErrByPath (http://localhost:38425/__cypress/runner/cypress_runner.js:149915:3)\n    at retry (http://localhost:38425/__cypress/runner/cypress_runner.js:144197:19)\n    at onFailFn (http://localhost:38425/__cypress/runner/cypress_runner.js:132448:16)\n    at tryCatcher (http://localhost:38425/__cypress/runner/cypress_runner.js:167415:23)\n    at Promise._settlePromiseFromHandler (http://localhost:38425/__cypress/runner/cypress_runner.js:165351:31)\n    at Promise._settlePromise (http://localhost:38425/__cypress/runner/cypress_runner.js:165408:18)\n    at Promise._settlePromise0 (http://localhost:38425/__cypress/runner/cypress_runner.js:165453:10)\n    at Promise._settlePromises (http://localhost:38425/__cypress/runner/cypress_runner.js:165528:18)\n    at Async../node_modules/bluebird/js/release/async.js.Async._drainQueue (http://localhost:38425/__cypress/runner/cypress_runner.js:162140:16)\n    at Async../node_modules/bluebird/js/release/async.js.Async._drainQueues (http://localhost:38425/__cypress/runner/cypress_runner.js:162150:10)\n    at Async.drainQueues (http://localhost:38425/__cypress/runner/cypress_runner.js:162024:14)",
                "diff": null
              },
              "uuid": "3c9b6e46-d5d6-4d6e-8cb4-711bb1e5a094",
              "parentUUID": "c15b9c3c-0757-4b74-86b2-2214d14c08f3",
              "isHook": false,
              "skipped": false
            },
            {
              "title": "Verifica se o texto do botão é 'Limpar'",
              "fullTitle": "9 - Crie um botão que, ao ser clicado, limpa o quadro preenchendo a cor de todos seus pixels com branco. Verifica se o texto do botão é 'Limpar'",
              "timedOut": null,
              "duration": 4209,
              "state": "failed",
              "speed": null,
              "pass": false,
              "fail": true,
              "pending": false,
              "context": null,
              "code": "cy.get('#clear-board').should('contain.text', 'Limpar');",
              "err": {
                "message": "CypressError: Timed out retrying: Expected to find element: '#clear-board', but never found it.",
                "estack": "CypressError: Timed out retrying: Expected to find element: '#clear-board', but never found it.\n    at cypressErr (http://localhost:38425/__cypress/runner/cypress_runner.js:149934:9)\n    at throwErr (http://localhost:38425/__cypress/runner/cypress_runner.js:149867:11)\n    at Object.throwErrByPath (http://localhost:38425/__cypress/runner/cypress_runner.js:149915:3)\n    at retry (http://localhost:38425/__cypress/runner/cypress_runner.js:144197:19)\n    at onFailFn (http://localhost:38425/__cypress/runner/cypress_runner.js:132448:16)\n    at tryCatcher (http://localhost:38425/__cypress/runner/cypress_runner.js:167415:23)\n    at Promise._settlePromiseFromHandler (http://localhost:38425/__cypress/runner/cypress_runner.js:165351:31)\n    at Promise._settlePromise (http://localhost:38425/__cypress/runner/cypress_runner.js:165408:18)\n    at Promise._settlePromise0 (http://localhost:38425/__cypress/runner/cypress_runner.js:165453:10)\n    at Promise._settlePromises (http://localhost:38425/__cypress/runner/cypress_runner.js:165528:18)\n    at Async../node_modules/bluebird/js/release/async.js.Async._drainQueue (http://localhost:38425/__cypress/runner/cypress_runner.js:162140:16)\n    at Async../node_modules/bluebird/js/release/async.js.Async._drainQueues (http://localhost:38425/__cypress/runner/cypress_runner.js:162150:10)\n    at Async.drainQueues (http://localhost:38425/__cypress/runner/cypress_runner.js:162024:14)",
                "diff": null
              },
              "uuid": "4b4187ce-765c-4c1a-a49c-20d0f80051bc",
              "parentUUID": "c15b9c3c-0757-4b74-86b2-2214d14c08f3",
              "isHook": false,
              "skipped": false
            },
            {
              "title": "Verifica se ao clicar no botão, o quadro de pixels é totalmente preenchido de branco",
              "fullTitle": "9 - Crie um botão que, ao ser clicado, limpa o quadro preenchendo a cor de todos seus pixels com branco. Verifica se ao clicar no botão, o quadro de pixels é totalmente preenchido de branco",
              "timedOut": null,
              "duration": 4363,
              "state": "failed",
              "speed": null,
              "pass": false,
              "fail": true,
              "pending": false,
              "context": null,
              "code": "cy.get('.color').eq(1).then(function (color) {\n  var backgroundColor = color.css('background-color');\n  cy.wrap(color).click();\n  cy.get('.pixel').each(function (pixel) {\n    cy.wrap(pixel).click().should('have.css', 'background-color', backgroundColor);\n  });\n});\ncy.get('#clear-board').click();\ncy.get('.pixel').each(function (pixel) {\n  cy.wrap(pixel).should('have.css', 'background-color', WHITE);\n});",
              "err": {
                "message": "CypressError: Timed out retrying: expected '<div.pixel>' to have CSS property 'background-color' with the value 'rgb(255, 0, 0)', but the value was 'rgb(255, 255, 255)'",
                "estack": "CypressError: Timed out retrying: expected '<div.pixel>' to have CSS property 'background-color' with the value 'rgb(255, 0, 0)', but the value was 'rgb(255, 255, 255)'\n    at cypressErr (http://localhost:38425/__cypress/runner/cypress_runner.js:149934:9)\n    at throwErr (http://localhost:38425/__cypress/runner/cypress_runner.js:149867:11)\n    at Object.throwErrByPath (http://localhost:38425/__cypress/runner/cypress_runner.js:149915:3)\n    at retry (http://localhost:38425/__cypress/runner/cypress_runner.js:144197:19)\n    at onFailFn (http://localhost:38425/__cypress/runner/cypress_runner.js:132448:16)\n    at tryCatcher (http://localhost:38425/__cypress/runner/cypress_runner.js:167415:23)\n    at Promise._settlePromiseFromHandler (http://localhost:38425/__cypress/runner/cypress_runner.js:165351:31)\n    at Promise._settlePromise (http://localhost:38425/__cypress/runner/cypress_runner.js:165408:18)\n    at Promise._settlePromise0 (http://localhost:38425/__cypress/runner/cypress_runner.js:165453:10)\n    at Promise._settlePromises (http://localhost:38425/__cypress/runner/cypress_runner.js:165528:18)\n    at Async../node_modules/bluebird/js/release/async.js.Async._drainQueue (http://localhost:38425/__cypress/runner/cypress_runner.js:162140:16)\n    at Async../node_modules/bluebird/js/release/async.js.Async._drainQueues (http://localhost:38425/__cypress/runner/cypress_runner.js:162150:10)\n    at Async.drainQueues (http://localhost:38425/__cypress/runner/cypress_runner.js:162024:14)",
                "diff": null
              },
              "uuid": "d9994620-534b-4779-9b33-d10abf082ec6",
              "parentUUID": "c15b9c3c-0757-4b74-86b2-2214d14c08f3",
              "isHook": false,
              "skipped": false
            }
          ],
          "suites": [],
          "passes": [],
          "failures": [
            "f5a58012-0568-4b3d-a0a4-6adf2de03039",
            "3c9b6e46-d5d6-4d6e-8cb4-711bb1e5a094",
            "4b4187ce-765c-4c1a-a49c-20d0f80051bc",
            "d9994620-534b-4779-9b33-d10abf082ec6"
          ],
          "pending": [],
          "skipped": [],
          "duration": 17086,
          "root": false,
          "rootEmpty": false,
          "_timeout": 2000
        },
        {
          "uuid": "a45e48ce-cac0-4875-8f67-3bcaf5283e71",
          "title": "10 - Faça o quadro de pixels ter seu tamanho definido pelo usuário.",
          "fullFile": "",
          "file": "",
          "beforeHooks": [],
          "afterHooks": [],
          "tests": [
            {
              "title": "Verifica se existe um input com o id `board-size`",
              "fullTitle": "10 - Faça o quadro de pixels ter seu tamanho definido pelo usuário. Verifica se existe um input com o id `board-size`",
              "timedOut": null,
              "duration": 4231,
              "state": "failed",
              "speed": null,
              "pass": false,
              "fail": true,
              "pending": false,
              "context": null,
              "code": "cy.get('#board-size').should('be.visible');",
              "err": {
                "message": "CypressError: Timed out retrying: Expected to find element: '#board-size', but never found it.",
                "estack": "CypressError: Timed out retrying: Expected to find element: '#board-size', but never found it.\n    at cypressErr (http://localhost:38425/__cypress/runner/cypress_runner.js:149934:9)\n    at throwErr (http://localhost:38425/__cypress/runner/cypress_runner.js:149867:11)\n    at Object.throwErrByPath (http://localhost:38425/__cypress/runner/cypress_runner.js:149915:3)\n    at retry (http://localhost:38425/__cypress/runner/cypress_runner.js:144197:19)\n    at onFailFn (http://localhost:38425/__cypress/runner/cypress_runner.js:132448:16)\n    at tryCatcher (http://localhost:38425/__cypress/runner/cypress_runner.js:167415:23)\n    at Promise._settlePromiseFromHandler (http://localhost:38425/__cypress/runner/cypress_runner.js:165351:31)\n    at Promise._settlePromise (http://localhost:38425/__cypress/runner/cypress_runner.js:165408:18)\n    at Promise._settlePromise0 (http://localhost:38425/__cypress/runner/cypress_runner.js:165453:10)\n    at Promise._settlePromises (http://localhost:38425/__cypress/runner/cypress_runner.js:165528:18)\n    at Async../node_modules/bluebird/js/release/async.js.Async._drainQueue (http://localhost:38425/__cypress/runner/cypress_runner.js:162140:16)\n    at Async../node_modules/bluebird/js/release/async.js.Async._drainQueues (http://localhost:38425/__cypress/runner/cypress_runner.js:162150:10)\n    at Async.drainQueues (http://localhost:38425/__cypress/runner/cypress_runner.js:162024:14)",
                "diff": null
              },
              "uuid": "b459149f-8066-48a1-ba9e-6bae742e28a2",
              "parentUUID": "a45e48ce-cac0-4875-8f67-3bcaf5283e71",
              "isHook": false,
              "skipped": false
            },
            {
              "title": "Verifica se existe um botão com o id `generate-board`",
              "fullTitle": "10 - Faça o quadro de pixels ter seu tamanho definido pelo usuário. Verifica se existe um botão com o id `generate-board`",
              "timedOut": null,
              "duration": 4249,
              "state": "failed",
              "speed": null,
              "pass": false,
              "fail": true,
              "pending": false,
              "context": null,
              "code": "cy.get('#generate-board').should('be.visible');",
              "err": {
                "message": "CypressError: Timed out retrying: Expected to find element: '#generate-board', but never found it.",
                "estack": "CypressError: Timed out retrying: Expected to find element: '#generate-board', but never found it.\n    at cypressErr (http://localhost:38425/__cypress/runner/cypress_runner.js:149934:9)\n    at throwErr (http://localhost:38425/__cypress/runner/cypress_runner.js:149867:11)\n    at Object.throwErrByPath (http://localhost:38425/__cypress/runner/cypress_runner.js:149915:3)\n    at retry (http://localhost:38425/__cypress/runner/cypress_runner.js:144197:19)\n    at onFailFn (http://localhost:38425/__cypress/runner/cypress_runner.js:132448:16)\n    at tryCatcher (http://localhost:38425/__cypress/runner/cypress_runner.js:167415:23)\n    at Promise._settlePromiseFromHandler (http://localhost:38425/__cypress/runner/cypress_runner.js:165351:31)\n    at Promise._settlePromise (http://localhost:38425/__cypress/runner/cypress_runner.js:165408:18)\n    at Promise._settlePromise0 (http://localhost:38425/__cypress/runner/cypress_runner.js:165453:10)\n    at Promise._settlePromises (http://localhost:38425/__cypress/runner/cypress_runner.js:165528:18)\n    at Async../node_modules/bluebird/js/release/async.js.Async._drainQueue (http://localhost:38425/__cypress/runner/cypress_runner.js:162140:16)\n    at Async../node_modules/bluebird/js/release/async.js.Async._drainQueues (http://localhost:38425/__cypress/runner/cypress_runner.js:162150:10)\n    at Async.drainQueues (http://localhost:38425/__cypress/runner/cypress_runner.js:162024:14)",
                "diff": null
              },
              "uuid": "4eaba385-0fae-4b1a-86f9-f034dc92b9e7",
              "parentUUID": "a45e48ce-cac0-4875-8f67-3bcaf5283e71",
              "isHook": false,
              "skipped": false
            },
            {
              "title": "Verifica se o input só aceita número maiores que zero. Essa restrição deve ser feita usando os atributos do elemento `input`",
              "fullTitle": "10 - Faça o quadro de pixels ter seu tamanho definido pelo usuário. Verifica se o input só aceita número maiores que zero. Essa restrição deve ser feita usando os atributos do elemento `input`",
              "timedOut": null,
              "duration": 4240,
              "state": "failed",
              "speed": null,
              "pass": false,
              "fail": true,
              "pending": false,
              "context": null,
              "code": "cy.get('#board-size[type=\\'number\\'][min=\\'1\\']');",
              "err": {
                "message": "CypressError: Timed out retrying: Expected to find element: '#board-size[type='number'][min='1']', but never found it.",
                "estack": "CypressError: Timed out retrying: Expected to find element: '#board-size[type='number'][min='1']', but never found it.\n    at cypressErr (http://localhost:38425/__cypress/runner/cypress_runner.js:149934:9)\n    at throwErr (http://localhost:38425/__cypress/runner/cypress_runner.js:149867:11)\n    at Object.throwErrByPath (http://localhost:38425/__cypress/runner/cypress_runner.js:149915:3)\n    at retry (http://localhost:38425/__cypress/runner/cypress_runner.js:144197:19)\n    at onFailFn (http://localhost:38425/__cypress/runner/cypress_runner.js:132448:16)\n    at tryCatcher (http://localhost:38425/__cypress/runner/cypress_runner.js:167415:23)\n    at Promise._settlePromiseFromHandler (http://localhost:38425/__cypress/runner/cypress_runner.js:165351:31)\n    at Promise._settlePromise (http://localhost:38425/__cypress/runner/cypress_runner.js:165408:18)\n    at Promise._settlePromise0 (http://localhost:38425/__cypress/runner/cypress_runner.js:165453:10)\n    at Promise._settlePromises (http://localhost:38425/__cypress/runner/cypress_runner.js:165528:18)\n    at Async../node_modules/bluebird/js/release/async.js.Async._drainQueue (http://localhost:38425/__cypress/runner/cypress_runner.js:162140:16)\n    at Async../node_modules/bluebird/js/release/async.js.Async._drainQueues (http://localhost:38425/__cypress/runner/cypress_runner.js:162150:10)\n    at Async.drainQueues (http://localhost:38425/__cypress/runner/cypress_runner.js:162024:14)",
                "diff": null
              },
              "uuid": "6dab040c-d956-4328-a8b6-ac881d82f376",
              "parentUUID": "a45e48ce-cac0-4875-8f67-3bcaf5283e71",
              "isHook": false,
              "skipped": false
            },
            {
              "title": "Verifica se o botão contém o texto 'VQV'",
              "fullTitle": "10 - Faça o quadro de pixels ter seu tamanho definido pelo usuário. Verifica se o botão contém o texto 'VQV'",
              "timedOut": null,
              "duration": 4259,
              "state": "failed",
              "speed": null,
              "pass": false,
              "fail": true,
              "pending": false,
              "context": null,
              "code": "cy.get('#generate-board').contains(/vqv/i);",
              "err": {
                "message": "CypressError: Timed out retrying: Expected to find element: '#generate-board', but never found it.",
                "estack": "CypressError: Timed out retrying: Expected to find element: '#generate-board', but never found it.\n    at cypressErr (http://localhost:38425/__cypress/runner/cypress_runner.js:149934:9)\n    at throwErr (http://localhost:38425/__cypress/runner/cypress_runner.js:149867:11)\n    at Object.throwErrByPath (http://localhost:38425/__cypress/runner/cypress_runner.js:149915:3)\n    at retry (http://localhost:38425/__cypress/runner/cypress_runner.js:144197:19)\n    at onFailFn (http://localhost:38425/__cypress/runner/cypress_runner.js:132448:16)\n    at tryCatcher (http://localhost:38425/__cypress/runner/cypress_runner.js:167415:23)\n    at Promise._settlePromiseFromHandler (http://localhost:38425/__cypress/runner/cypress_runner.js:165351:31)\n    at Promise._settlePromise (http://localhost:38425/__cypress/runner/cypress_runner.js:165408:18)\n    at Promise._settlePromise0 (http://localhost:38425/__cypress/runner/cypress_runner.js:165453:10)\n    at Promise._settlePromises (http://localhost:38425/__cypress/runner/cypress_runner.js:165528:18)\n    at Async../node_modules/bluebird/js/release/async.js.Async._drainQueue (http://localhost:38425/__cypress/runner/cypress_runner.js:162140:16)\n    at Async../node_modules/bluebird/js/release/async.js.Async._drainQueues (http://localhost:38425/__cypress/runner/cypress_runner.js:162150:10)\n    at Async.drainQueues (http://localhost:38425/__cypress/runner/cypress_runner.js:162024:14)",
                "diff": null
              },
              "uuid": "fddb6453-c6cb-419a-b26f-bc6ea2020e35",
              "parentUUID": "a45e48ce-cac0-4875-8f67-3bcaf5283e71",
              "isHook": false,
              "skipped": false
            },
            {
              "title": "Verifica se o input está posicionado entre a paleta de cores e o quadro de pixels",
              "fullTitle": "10 - Faça o quadro de pixels ter seu tamanho definido pelo usuário. Verifica se o input está posicionado entre a paleta de cores e o quadro de pixels",
              "timedOut": null,
              "duration": 4351,
              "state": "failed",
              "speed": null,
              "pass": false,
              "fail": true,
              "pending": false,
              "context": null,
              "code": "cy.get('#color-palette').then(function (palette) {\n  cy.get('#board-size').should('be.belowOf', palette);\n});\ncy.get('#board-size').then(function (palette) {\n  cy.get('#pixel-board').should('be.belowOf', palette);\n});",
              "err": {
                "message": "CypressError: Timed out retrying: Expected to find element: '#board-size', but never found it.",
                "estack": "CypressError: Timed out retrying: Expected to find element: '#board-size', but never found it.\n    at cypressErr (http://localhost:38425/__cypress/runner/cypress_runner.js:149934:9)\n    at throwErr (http://localhost:38425/__cypress/runner/cypress_runner.js:149867:11)\n    at Object.throwErrByPath (http://localhost:38425/__cypress/runner/cypress_runner.js:149915:3)\n    at retry (http://localhost:38425/__cypress/runner/cypress_runner.js:144197:19)\n    at onFailFn (http://localhost:38425/__cypress/runner/cypress_runner.js:132448:16)\n    at tryCatcher (http://localhost:38425/__cypress/runner/cypress_runner.js:167415:23)\n    at Promise._settlePromiseFromHandler (http://localhost:38425/__cypress/runner/cypress_runner.js:165351:31)\n    at Promise._settlePromise (http://localhost:38425/__cypress/runner/cypress_runner.js:165408:18)\n    at Promise._settlePromise0 (http://localhost:38425/__cypress/runner/cypress_runner.js:165453:10)\n    at Promise._settlePromises (http://localhost:38425/__cypress/runner/cypress_runner.js:165528:18)\n    at Async../node_modules/bluebird/js/release/async.js.Async._drainQueue (http://localhost:38425/__cypress/runner/cypress_runner.js:162140:16)\n    at Async../node_modules/bluebird/js/release/async.js.Async._drainQueues (http://localhost:38425/__cypress/runner/cypress_runner.js:162150:10)\n    at Async.drainQueues (http://localhost:38425/__cypress/runner/cypress_runner.js:162024:14)",
                "diff": null
              },
              "uuid": "8f924532-91e5-4b79-82a5-fe17d718c872",
              "parentUUID": "a45e48ce-cac0-4875-8f67-3bcaf5283e71",
              "isHook": false,
              "skipped": false
            },
            {
              "title": "Verifica se o botão está posicionado ao lado do input",
              "fullTitle": "10 - Faça o quadro de pixels ter seu tamanho definido pelo usuário. Verifica se o botão está posicionado ao lado do input",
              "timedOut": null,
              "duration": 4272,
              "state": "failed",
              "speed": null,
              "pass": false,
              "fail": true,
              "pending": false,
              "context": null,
              "code": "cy.get('#board-size').then(function (board) {\n  cy.get('#generate-board').should('be.onTheRightOf', board);\n});",
              "err": {
                "message": "CypressError: Timed out retrying: Expected to find element: '#board-size', but never found it.",
                "estack": "CypressError: Timed out retrying: Expected to find element: '#board-size', but never found it.\n    at cypressErr (http://localhost:38425/__cypress/runner/cypress_runner.js:149934:9)\n    at throwErr (http://localhost:38425/__cypress/runner/cypress_runner.js:149867:11)\n    at Object.throwErrByPath (http://localhost:38425/__cypress/runner/cypress_runner.js:149915:3)\n    at retry (http://localhost:38425/__cypress/runner/cypress_runner.js:144197:19)\n    at onFailFn (http://localhost:38425/__cypress/runner/cypress_runner.js:132448:16)\n    at tryCatcher (http://localhost:38425/__cypress/runner/cypress_runner.js:167415:23)\n    at Promise._settlePromiseFromHandler (http://localhost:38425/__cypress/runner/cypress_runner.js:165351:31)\n    at Promise._settlePromise (http://localhost:38425/__cypress/runner/cypress_runner.js:165408:18)\n    at Promise._settlePromise0 (http://localhost:38425/__cypress/runner/cypress_runner.js:165453:10)\n    at Promise._settlePromises (http://localhost:38425/__cypress/runner/cypress_runner.js:165528:18)\n    at Async../node_modules/bluebird/js/release/async.js.Async._drainQueue (http://localhost:38425/__cypress/runner/cypress_runner.js:162140:16)\n    at Async../node_modules/bluebird/js/release/async.js.Async._drainQueues (http://localhost:38425/__cypress/runner/cypress_runner.js:162150:10)\n    at Async.drainQueues (http://localhost:38425/__cypress/runner/cypress_runner.js:162024:14)",
                "diff": null
              },
              "uuid": "fa101ec9-348b-414c-9b93-b8451a901d19",
              "parentUUID": "a45e48ce-cac0-4875-8f67-3bcaf5283e71",
              "isHook": false,
              "skipped": false
            },
            {
              "title": "Verifica se nenhum valor for colocado no input ao clicar no botão, um `alert` é exibido com o texto: 'Board inválido!'",
              "fullTitle": "10 - Faça o quadro de pixels ter seu tamanho definido pelo usuário. Verifica se nenhum valor for colocado no input ao clicar no botão, um `alert` é exibido com o texto: 'Board inválido!'",
              "timedOut": null,
              "duration": 4190,
              "state": "failed",
              "speed": null,
              "pass": false,
              "fail": true,
              "pending": false,
              "context": null,
              "code": "var alerted = false;\ncy.on('window:alert', function (msg) {\n  return alerted = msg;\n});\ncy.get('#generate-board').click().then(function () {\n  return expect(alerted).to.match(/Board inválido!/i);\n});",
              "err": {
                "message": "CypressError: Timed out retrying: Expected to find element: '#generate-board', but never found it.",
                "estack": "CypressError: Timed out retrying: Expected to find element: '#generate-board', but never found it.\n    at cypressErr (http://localhost:38425/__cypress/runner/cypress_runner.js:149934:9)\n    at throwErr (http://localhost:38425/__cypress/runner/cypress_runner.js:149867:11)\n    at Object.throwErrByPath (http://localhost:38425/__cypress/runner/cypress_runner.js:149915:3)\n    at retry (http://localhost:38425/__cypress/runner/cypress_runner.js:144197:19)\n    at onFailFn (http://localhost:38425/__cypress/runner/cypress_runner.js:132448:16)\n    at tryCatcher (http://localhost:38425/__cypress/runner/cypress_runner.js:167415:23)\n    at Promise._settlePromiseFromHandler (http://localhost:38425/__cypress/runner/cypress_runner.js:165351:31)\n    at Promise._settlePromise (http://localhost:38425/__cypress/runner/cypress_runner.js:165408:18)\n    at Promise._settlePromise0 (http://localhost:38425/__cypress/runner/cypress_runner.js:165453:10)\n    at Promise._settlePromises (http://localhost:38425/__cypress/runner/cypress_runner.js:165528:18)\n    at Async../node_modules/bluebird/js/release/async.js.Async._drainQueue (http://localhost:38425/__cypress/runner/cypress_runner.js:162140:16)\n    at Async../node_modules/bluebird/js/release/async.js.Async._drainQueues (http://localhost:38425/__cypress/runner/cypress_runner.js:162150:10)\n    at Async.drainQueues (http://localhost:38425/__cypress/runner/cypress_runner.js:162024:14)",
                "diff": null
              },
              "uuid": "d3e890dc-e9be-440b-a0f3-5c889e456a57",
              "parentUUID": "a45e48ce-cac0-4875-8f67-3bcaf5283e71",
              "isHook": false,
              "skipped": false
            },
            {
              "title": "Verifica se ao clicar no botão com um valor preenchido, o tamanho do board muda.",
              "fullTitle": "10 - Faça o quadro de pixels ter seu tamanho definido pelo usuário. Verifica se ao clicar no botão com um valor preenchido, o tamanho do board muda.",
              "timedOut": null,
              "duration": 4195,
              "state": "failed",
              "speed": null,
              "pass": false,
              "fail": true,
              "pending": false,
              "context": null,
              "code": "cy.get('#board-size').clear().type(10);\ncy.get('#generate-board').click();\ncy.get('.pixel').should('have.length', 100);",
              "err": {
                "message": "CypressError: Timed out retrying: Expected to find element: '#board-size', but never found it.",
                "estack": "CypressError: Timed out retrying: Expected to find element: '#board-size', but never found it.\n    at cypressErr (http://localhost:38425/__cypress/runner/cypress_runner.js:149934:9)\n    at throwErr (http://localhost:38425/__cypress/runner/cypress_runner.js:149867:11)\n    at Object.throwErrByPath (http://localhost:38425/__cypress/runner/cypress_runner.js:149915:3)\n    at retry (http://localhost:38425/__cypress/runner/cypress_runner.js:144197:19)\n    at onFailFn (http://localhost:38425/__cypress/runner/cypress_runner.js:132448:16)\n    at tryCatcher (http://localhost:38425/__cypress/runner/cypress_runner.js:167415:23)\n    at Promise._settlePromiseFromHandler (http://localhost:38425/__cypress/runner/cypress_runner.js:165351:31)\n    at Promise._settlePromise (http://localhost:38425/__cypress/runner/cypress_runner.js:165408:18)\n    at Promise._settlePromise0 (http://localhost:38425/__cypress/runner/cypress_runner.js:165453:10)\n    at Promise._settlePromises (http://localhost:38425/__cypress/runner/cypress_runner.js:165528:18)\n    at Async../node_modules/bluebird/js/release/async.js.Async._drainQueue (http://localhost:38425/__cypress/runner/cypress_runner.js:162140:16)\n    at Async../node_modules/bluebird/js/release/async.js.Async._drainQueues (http://localhost:38425/__cypress/runner/cypress_runner.js:162150:10)\n    at Async.drainQueues (http://localhost:38425/__cypress/runner/cypress_runner.js:162024:14)",
                "diff": null
              },
              "uuid": "da407852-416d-4e15-935d-a0ac1eb38a5f",
              "parentUUID": "a45e48ce-cac0-4875-8f67-3bcaf5283e71",
              "isHook": false,
              "skipped": false
            },
            {
              "title": "Verifica se o novo quadro tem todos os pixels preenchidos com a cor branca",
              "fullTitle": "10 - Faça o quadro de pixels ter seu tamanho definido pelo usuário. Verifica se o novo quadro tem todos os pixels preenchidos com a cor branca",
              "timedOut": null,
              "duration": 4222,
              "state": "failed",
              "speed": null,
              "pass": false,
              "fail": true,
              "pending": false,
              "context": null,
              "code": "cy.get('#board-size').clear().type(6);\ncy.get('#generate-board').click();\ncy.get('.pixel').should('have.length', 36).each(function (pixel) {\n  expect(pixel).to.have.css('background-color', WHITE);\n});",
              "err": {
                "message": "CypressError: Timed out retrying: Expected to find element: '#board-size', but never found it.",
                "estack": "CypressError: Timed out retrying: Expected to find element: '#board-size', but never found it.\n    at cypressErr (http://localhost:38425/__cypress/runner/cypress_runner.js:149934:9)\n    at throwErr (http://localhost:38425/__cypress/runner/cypress_runner.js:149867:11)\n    at Object.throwErrByPath (http://localhost:38425/__cypress/runner/cypress_runner.js:149915:3)\n    at retry (http://localhost:38425/__cypress/runner/cypress_runner.js:144197:19)\n    at onFailFn (http://localhost:38425/__cypress/runner/cypress_runner.js:132448:16)\n    at tryCatcher (http://localhost:38425/__cypress/runner/cypress_runner.js:167415:23)\n    at Promise._settlePromiseFromHandler (http://localhost:38425/__cypress/runner/cypress_runner.js:165351:31)\n    at Promise._settlePromise (http://localhost:38425/__cypress/runner/cypress_runner.js:165408:18)\n    at Promise._settlePromise0 (http://localhost:38425/__cypress/runner/cypress_runner.js:165453:10)\n    at Promise._settlePromises (http://localhost:38425/__cypress/runner/cypress_runner.js:165528:18)\n    at Async../node_modules/bluebird/js/release/async.js.Async._drainQueue (http://localhost:38425/__cypress/runner/cypress_runner.js:162140:16)\n    at Async../node_modules/bluebird/js/release/async.js.Async._drainQueues (http://localhost:38425/__cypress/runner/cypress_runner.js:162150:10)\n    at Async.drainQueues (http://localhost:38425/__cypress/runner/cypress_runner.js:162024:14)",
                "diff": null
              },
              "uuid": "bbf2a74f-9492-4f18-8bae-61fcc0dd5f03",
              "parentUUID": "a45e48ce-cac0-4875-8f67-3bcaf5283e71",
              "isHook": false,
              "skipped": false
            }
          ],
          "suites": [],
          "passes": [],
          "failures": [
            "b459149f-8066-48a1-ba9e-6bae742e28a2",
            "4eaba385-0fae-4b1a-86f9-f034dc92b9e7",
            "6dab040c-d956-4328-a8b6-ac881d82f376",
            "fddb6453-c6cb-419a-b26f-bc6ea2020e35",
            "8f924532-91e5-4b79-82a5-fe17d718c872",
            "fa101ec9-348b-414c-9b93-b8451a901d19",
            "d3e890dc-e9be-440b-a0f3-5c889e456a57",
            "da407852-416d-4e15-935d-a0ac1eb38a5f",
            "bbf2a74f-9492-4f18-8bae-61fcc0dd5f03"
          ],
          "pending": [],
          "skipped": [],
          "duration": 38209,
          "root": false,
          "rootEmpty": false,
          "_timeout": 2000
        },
        {
          "uuid": "071acbb1-0c0c-4914-8ae0-7d90b3ff64ed",
          "title": "11 - Limite o tamanho mínimo e máximo do board.",
          "fullFile": "",
          "file": "",
          "beforeHooks": [],
          "afterHooks": [],
          "tests": [
            {
              "title": "Verifica se a altura máxima do board é 50",
              "fullTitle": "11 - Limite o tamanho mínimo e máximo do board. Verifica se a altura máxima do board é 50",
              "timedOut": null,
              "duration": 4206,
              "state": "failed",
              "speed": null,
              "pass": false,
              "fail": true,
              "pending": false,
              "context": null,
              "code": "cy.get('#board-size').clear().type(50);\ncy.get('#generate-board').click();\ncy.get('.pixel').should('have.length', 2500);",
              "err": {
                "message": "CypressError: Timed out retrying: Expected to find element: '#board-size', but never found it.",
                "estack": "CypressError: Timed out retrying: Expected to find element: '#board-size', but never found it.\n    at cypressErr (http://localhost:38425/__cypress/runner/cypress_runner.js:149934:9)\n    at throwErr (http://localhost:38425/__cypress/runner/cypress_runner.js:149867:11)\n    at Object.throwErrByPath (http://localhost:38425/__cypress/runner/cypress_runner.js:149915:3)\n    at retry (http://localhost:38425/__cypress/runner/cypress_runner.js:144197:19)\n    at onFailFn (http://localhost:38425/__cypress/runner/cypress_runner.js:132448:16)\n    at tryCatcher (http://localhost:38425/__cypress/runner/cypress_runner.js:167415:23)\n    at Promise._settlePromiseFromHandler (http://localhost:38425/__cypress/runner/cypress_runner.js:165351:31)\n    at Promise._settlePromise (http://localhost:38425/__cypress/runner/cypress_runner.js:165408:18)\n    at Promise._settlePromise0 (http://localhost:38425/__cypress/runner/cypress_runner.js:165453:10)\n    at Promise._settlePromises (http://localhost:38425/__cypress/runner/cypress_runner.js:165528:18)\n    at Async../node_modules/bluebird/js/release/async.js.Async._drainQueue (http://localhost:38425/__cypress/runner/cypress_runner.js:162140:16)\n    at Async../node_modules/bluebird/js/release/async.js.Async._drainQueues (http://localhost:38425/__cypress/runner/cypress_runner.js:162150:10)\n    at Async.drainQueues (http://localhost:38425/__cypress/runner/cypress_runner.js:162024:14)",
                "diff": null
              },
              "uuid": "893777bc-8a9a-47ea-aa4a-87686eaa2ccd",
              "parentUUID": "071acbb1-0c0c-4914-8ae0-7d90b3ff64ed",
              "isHook": false,
              "skipped": false
            },
            {
              "title": "Verifica se a altura do board é 5 quando um valor menor é colocado no input",
              "fullTitle": "11 - Limite o tamanho mínimo e máximo do board. Verifica se a altura do board é 5 quando um valor menor é colocado no input",
              "timedOut": null,
              "duration": 4367,
              "state": "failed",
              "speed": null,
              "pass": false,
              "fail": true,
              "pending": false,
              "context": null,
              "code": "cy.get('#board-size').clear().type(4);\ncy.get('#generate-board').click();\ncy.get('.pixel').should('have.length', 25);",
              "err": {
                "message": "CypressError: Timed out retrying: Expected to find element: '#board-size', but never found it.",
                "estack": "CypressError: Timed out retrying: Expected to find element: '#board-size', but never found it.\n    at cypressErr (http://localhost:38425/__cypress/runner/cypress_runner.js:149934:9)\n    at throwErr (http://localhost:38425/__cypress/runner/cypress_runner.js:149867:11)\n    at Object.throwErrByPath (http://localhost:38425/__cypress/runner/cypress_runner.js:149915:3)\n    at retry (http://localhost:38425/__cypress/runner/cypress_runner.js:144197:19)\n    at onFailFn (http://localhost:38425/__cypress/runner/cypress_runner.js:132448:16)\n    at tryCatcher (http://localhost:38425/__cypress/runner/cypress_runner.js:167415:23)\n    at Promise._settlePromiseFromHandler (http://localhost:38425/__cypress/runner/cypress_runner.js:165351:31)\n    at Promise._settlePromise (http://localhost:38425/__cypress/runner/cypress_runner.js:165408:18)\n    at Promise._settlePromise0 (http://localhost:38425/__cypress/runner/cypress_runner.js:165453:10)\n    at Promise._settlePromises (http://localhost:38425/__cypress/runner/cypress_runner.js:165528:18)\n    at Async../node_modules/bluebird/js/release/async.js.Async._drainQueue (http://localhost:38425/__cypress/runner/cypress_runner.js:162140:16)\n    at Async../node_modules/bluebird/js/release/async.js.Async._drainQueues (http://localhost:38425/__cypress/runner/cypress_runner.js:162150:10)\n    at Async.drainQueues (http://localhost:38425/__cypress/runner/cypress_runner.js:162024:14)",
                "diff": null
              },
              "uuid": "3fd9ad0e-0c99-42f5-92fc-c02170ca18ac",
              "parentUUID": "071acbb1-0c0c-4914-8ae0-7d90b3ff64ed",
              "isHook": false,
              "skipped": false
            },
            {
              "title": "Verifica se a altura do board é 50 quando um valor maior é colocado no input",
              "fullTitle": "11 - Limite o tamanho mínimo e máximo do board. Verifica se a altura do board é 50 quando um valor maior é colocado no input",
              "timedOut": null,
              "duration": 4251,
              "state": "failed",
              "speed": null,
              "pass": false,
              "fail": true,
              "pending": false,
              "context": null,
              "code": "cy.get('#board-size').clear().type(51);\ncy.get('#generate-board').click();\ncy.get('.pixel').should('have.length', 2500);",
              "err": {
                "message": "CypressError: Timed out retrying: Expected to find element: '#board-size', but never found it.",
                "estack": "CypressError: Timed out retrying: Expected to find element: '#board-size', but never found it.\n    at cypressErr (http://localhost:38425/__cypress/runner/cypress_runner.js:149934:9)\n    at throwErr (http://localhost:38425/__cypress/runner/cypress_runner.js:149867:11)\n    at Object.throwErrByPath (http://localhost:38425/__cypress/runner/cypress_runner.js:149915:3)\n    at retry (http://localhost:38425/__cypress/runner/cypress_runner.js:144197:19)\n    at onFailFn (http://localhost:38425/__cypress/runner/cypress_runner.js:132448:16)\n    at tryCatcher (http://localhost:38425/__cypress/runner/cypress_runner.js:167415:23)\n    at Promise._settlePromiseFromHandler (http://localhost:38425/__cypress/runner/cypress_runner.js:165351:31)\n    at Promise._settlePromise (http://localhost:38425/__cypress/runner/cypress_runner.js:165408:18)\n    at Promise._settlePromise0 (http://localhost:38425/__cypress/runner/cypress_runner.js:165453:10)\n    at Promise._settlePromises (http://localhost:38425/__cypress/runner/cypress_runner.js:165528:18)\n    at Async../node_modules/bluebird/js/release/async.js.Async._drainQueue (http://localhost:38425/__cypress/runner/cypress_runner.js:162140:16)\n    at Async../node_modules/bluebird/js/release/async.js.Async._drainQueues (http://localhost:38425/__cypress/runner/cypress_runner.js:162150:10)\n    at Async.drainQueues (http://localhost:38425/__cypress/runner/cypress_runner.js:162024:14)",
                "diff": null
              },
              "uuid": "920bfe53-fa10-4e66-be0e-3dfbe31cdbdb",
              "parentUUID": "071acbb1-0c0c-4914-8ae0-7d90b3ff64ed",
              "isHook": false,
              "skipped": false
            }
          ],
          "suites": [],
          "passes": [],
          "failures": [
            "893777bc-8a9a-47ea-aa4a-87686eaa2ccd",
            "3fd9ad0e-0c99-42f5-92fc-c02170ca18ac",
            "920bfe53-fa10-4e66-be0e-3dfbe31cdbdb"
          ],
          "pending": [],
          "skipped": [],
          "duration": 12824,
          "root": false,
          "rootEmpty": false,
          "_timeout": 2000
        },
        {
          "uuid": "8e6d9945-b98f-462d-97f8-81f1dea9fce3",
          "title": "12 - Faça com que as cores da paleta sejam geradas aleatoriamente ao carregar a página.",
          "fullFile": "",
          "file": "",
          "beforeHooks": [],
          "afterHooks": [],
          "tests": [
            {
              "title": "Verifica se as cores geradas na paleta são diferentes a cada carregamento da página",
              "fullTitle": "12 - Faça com que as cores da paleta sejam geradas aleatoriamente ao carregar a página. Verifica se as cores geradas na paleta são diferentes a cada carregamento da página",
              "timedOut": null,
              "duration": 297,
              "state": "failed",
              "speed": null,
              "pass": false,
              "fail": true,
              "pending": false,
              "context": null,
              "code": "cy.get('.color').then(function (colors) {\n  var currentColors;\n  var previousColors;\n  previousColors = Array.from(colors).map(function (color) {\n    return Cypress.$(color).css('background-color');\n  });\n  for (var i = 0; i < 5; i += 1) {\n    cy.reload();\n    cy.get('.color').then(function (colors) {\n      currentColors = Array.from(colors).map(function (color) {\n        return Cypress.$(color).css('background-color');\n      });\n      expect(currentColors).not.to.deep.equal(previousColors);\n      previousColors = currentColors;\n    });\n  }\n});",
              "err": {
                "message": "AssertionError: expected [ Array(4) ] to not deeply equal [ Array(4) ]",
                "estack": "AssertionError: expected [ Array(4) ] to not deeply equal [ Array(4) ]\n    at getRet (http://localhost:38425/__cypress/runner/cypress_runner.js:136585:16)\n    at tryCatcher (http://localhost:38425/__cypress/runner/cypress_runner.js:167415:23)\n    at Function.Promise.attempt.Promise.try (http://localhost:38425/__cypress/runner/cypress_runner.js:164690:29)\n    at Context.thenFn (http://localhost:38425/__cypress/runner/cypress_runner.js:136599:23)\n    at Context.then (http://localhost:38425/__cypress/runner/cypress_runner.js:136971:21)\n    at Context.<anonymous> (http://localhost:38425/__cypress/runner/cypress_runner.js:148875:21)\n    at http://localhost:38425/__cypress/runner/cypress_runner.js:148351:33\n    at tryCatcher (http://localhost:38425/__cypress/runner/cypress_runner.js:167415:23)\n    at Promise._settlePromiseFromHandler (http://localhost:38425/__cypress/runner/cypress_runner.js:165351:31)\n    at Promise._settlePromise (http://localhost:38425/__cypress/runner/cypress_runner.js:165408:18)\n    at Promise._settlePromiseCtx (http://localhost:38425/__cypress/runner/cypress_runner.js:165445:10)\n    at Async../node_modules/bluebird/js/release/async.js.Async._drainQueue (http://localhost:38425/__cypress/runner/cypress_runner.js:162145:12)\n    at Async../node_modules/bluebird/js/release/async.js.Async._drainQueues (http://localhost:38425/__cypress/runner/cypress_runner.js:162150:10)\n    at Async.drainQueues (http://localhost:38425/__cypress/runner/cypress_runner.js:162024:14)",
                "diff": ""
              },
              "uuid": "540ffdc7-159a-4bd1-b9c7-ce3d3e1fc5ab",
              "parentUUID": "8e6d9945-b98f-462d-97f8-81f1dea9fce3",
              "isHook": false,
              "skipped": false
            },
            {
              "title": "Verifica se a cor preta ainda está presente e é a primeira na sua paleta de cores",
              "fullTitle": "12 - Faça com que as cores da paleta sejam geradas aleatoriamente ao carregar a página. Verifica se a cor preta ainda está presente e é a primeira na sua paleta de cores",
              "timedOut": null,
              "duration": 314,
              "state": "failed",
              "speed": null,
              "pass": false,
              "fail": true,
              "pending": false,
              "context": null,
              "code": "cy.get('.color').then(function (colors) {\n  var currentColors;\n  var previousColors;\n  previousColors = Array.from(colors).map(function (color) {\n    return Cypress.$(color).css('background-color');\n  });\n  expect(previousColors[0]).to.eq(BLACK);\n  for (var i = 0; i < 5; i += 1) {\n    cy.reload();\n    cy.get('.color').then(function (colors) {\n      currentColors = Array.from(colors).map(function (color) {\n        return Cypress.$(color).css('background-color');\n      });\n      expect(currentColors[0]).to.eq(BLACK);\n      expect(currentColors).not.to.deep.equal(previousColors);\n      previousColors = currentColors;\n    });\n  }\n});",
              "err": {
                "message": "AssertionError: expected [ Array(4) ] to not deeply equal [ Array(4) ]",
                "estack": "AssertionError: expected [ Array(4) ] to not deeply equal [ Array(4) ]\n    at getRet (http://localhost:38425/__cypress/runner/cypress_runner.js:136585:16)\n    at tryCatcher (http://localhost:38425/__cypress/runner/cypress_runner.js:167415:23)\n    at Function.Promise.attempt.Promise.try (http://localhost:38425/__cypress/runner/cypress_runner.js:164690:29)\n    at Context.thenFn (http://localhost:38425/__cypress/runner/cypress_runner.js:136599:23)\n    at Context.then (http://localhost:38425/__cypress/runner/cypress_runner.js:136971:21)\n    at Context.<anonymous> (http://localhost:38425/__cypress/runner/cypress_runner.js:148875:21)\n    at http://localhost:38425/__cypress/runner/cypress_runner.js:148351:33\n    at tryCatcher (http://localhost:38425/__cypress/runner/cypress_runner.js:167415:23)\n    at Promise._settlePromiseFromHandler (http://localhost:38425/__cypress/runner/cypress_runner.js:165351:31)\n    at Promise._settlePromise (http://localhost:38425/__cypress/runner/cypress_runner.js:165408:18)\n    at Promise._settlePromiseCtx (http://localhost:38425/__cypress/runner/cypress_runner.js:165445:10)\n    at Async../node_modules/bluebird/js/release/async.js.Async._drainQueue (http://localhost:38425/__cypress/runner/cypress_runner.js:162145:12)\n    at Async../node_modules/bluebird/js/release/async.js.Async._drainQueues (http://localhost:38425/__cypress/runner/cypress_runner.js:162150:10)\n    at Async.drainQueues (http://localhost:38425/__cypress/runner/cypress_runner.js:162024:14)",
                "diff": ""
              },
              "uuid": "5034ecb3-90a2-4ad4-be6d-88cdbf5eb0e7",
              "parentUUID": "8e6d9945-b98f-462d-97f8-81f1dea9fce3",
              "isHook": false,
              "skipped": false
            }
          ],
          "suites": [],
          "passes": [],
          "failures": [
            "540ffdc7-159a-4bd1-b9c7-ce3d3e1fc5ab",
            "5034ecb3-90a2-4ad4-be6d-88cdbf5eb0e7"
          ],
          "pending": [],
          "skipped": [],
          "duration": 611,
          "root": false,
          "rootEmpty": false,
          "_timeout": 2000
        }
      ],
      "passes": [],
      "failures": [],
      "pending": [],
      "skipped": [],
      "duration": 0,
      "root": true,
      "rootEmpty": true,
      "_timeout": 2000
    }
  ],
  "meta": {
    "mocha": {
      "version": "7.0.1"
    },
    "mochawesome": {
      "options": {
        "quiet": false,
        "reportFilename": "mochawesome",
        "saveHtml": false,
        "saveJson": true,
        "consoleReporter": "spec",
        "useInlineDiffs": false
      },
      "version": "4.1.0"
    },
    "marge": {
      "options": {
        "id": "default",
        "reportDir": "cypress/reports",
        "overwrite": true,
        "html": false,
        "json": true
      },
      "version": "4.1.0"
    }
  }
}